<?xml version="1.0" encoding="UTF-8"?>
<beans xmlns="http://www.springframework.org/schema/beans" 
	xmlns:xsi="http://www.w3.org/2001/XMLSchema-instance"
	xsi:schemaLocation="http://www.springframework.org/schema/beans
	http://www.springframework.org/schema/beans/spring-beans-3.1.xsd">
	
	<!-- H2 config -->
	<bean id="dataSource"
		class="org.springframework.jdbc.datasource.DriverManagerDataSource">
		<property name="driverClassName" value="${database.driver}" />
		<property name="url" value="${database.url}" />
	</bean>
	
	<bean id="sessionFactory"
		class="org.springframework.orm.hibernate4.LocalSessionFactoryBean">
		<property name="dataSource" ref="dataSource" />
		<property name="annotatedClasses">
			<list>
				<value>net.canadensys.dataportal.occurrence.model.OccurrenceRawModel</value>
				<value>net.canadensys.dataportal.occurrence.model.OccurrenceModel</value>
				<value>net.canadensys.dataportal.occurrence.model.UniqueValuesModel</value>
				<value>net.canadensys.dataportal.occurrence.model.DownloadLogModel</value>
				<value>net.canadensys.dataportal.occurrence.model.ResourceContactModel</value>
				<value>net.canadensys.dataportal.occurrence.model.ImportLogModel</value>
			</list>
		</property>
		<property name="hibernateProperties">
			<props>
				<prop key="hibernate.dialect">${hibernate.dialect}</prop>
				<prop key="hibernate.show_sql">${hibernate.show_sql}</prop>
			</props>
		</property>
	</bean>
	
	<bean id="esTestInstance" class="net.canadensys.databaseutils.ElasticSearchTestInstance" init-method="startElasticSearch" destroy-method="stopElasticSearch"/>
	<bean id="esClient" class="org.elasticsearch.client.Client" factory-bean ="esTestInstance" factory-method="buildLocalClient"/>
      	
</beans>